timestamp: 2024-06-03T21:19:17.603684
CREATE TABLE "py4web_session"(
    "id" INTEGER PRIMARY KEY AUTOINCREMENT,
    "rkey" CHAR(512),
    "rvalue" TEXT,
    "expiration" INTEGER,
    "created_on" TIMESTAMP,
    "expires_on" TIMESTAMP
);
success!
timestamp: 2024-06-03T21:19:17.624289
CREATE TABLE "auth_user"(
    "id" INTEGER PRIMARY KEY AUTOINCREMENT,
    "email" CHAR(512) UNIQUE,
    "password" CHAR(512),
    "first_name" CHAR(512),
    "last_name" CHAR(512),
    "sso_id" CHAR(512),
    "action_token" CHAR(512),
    "last_password_change" TIMESTAMP,
    "past_passwords_hash" TEXT
);
success!
timestamp: 2024-06-03T21:19:17.634016
CREATE TABLE "auth_user_tag_groups"(
    "id" INTEGER PRIMARY KEY AUTOINCREMENT,
    "tagpath" CHAR(512),
    "record_id" INTEGER REFERENCES "auth_user" ("id") ON DELETE CASCADE ON UPDATE CASCADE  
);
success!
timestamp: 2024-06-03T21:19:17.645329
CREATE TABLE "species"(
    "id" INTEGER PRIMARY KEY AUTOINCREMENT,
    "common_name" CHAR(512)
);
success!
timestamp: 2024-06-03T21:19:17.656923
CREATE TABLE "sightings"(
    "id" INTEGER PRIMARY KEY AUTOINCREMENT,
    "sampling_event_identifier" CHAR(512),
    "common_name" CHAR(512),
    "observation_count" CHAR(512)
);
success!
timestamp: 2024-06-03T21:19:17.677206
CREATE TABLE "checklists"(
    "id" INTEGER PRIMARY KEY AUTOINCREMENT,
    "sampling_event_identifier" CHAR(512),
    "latitude" CHAR(512),
    "longitude" CHAR(512),
    "observation_date" CHAR(512),
    "observer_id" CHAR(512),
    "duration_minute" CHAR(512)
);
success!
